2025/05/16 23:24:41.755137 main.go:346: 1시간 실행 설정됨
2025/05/16 23:24:45.595460 main.go:346: 대야 (입장) 모드로 작업을 시작합니다...
2025/05/16 23:28:41.649157 main.go:137: 애플리케이션 종료
2025/05/16 23:29:02.921249 main.go:90: 도우미 애플리케이션 시작
2025/05/16 23:29:02.934972 main.go:195: 웹 서버를 포트 8080에서 시작합니다...
2025/05/16 23:29:02.934972 main.go:110: 애플리케이션 초기화 시작
2025/05/16 23:29:03.525842 main.go:131: 애플리케이션 초기화 완료
2025/05/16 23:29:03.525842 main.go:132: 애플리케이션 실행 시작
2025/05/16 23:29:04.609168 main.go:346: 프로그램이 시작되었습니다.
2025/05/16 23:29:07.315512 main.go:346: 칸첸 (입장) 모드 선택됨
2025/05/16 23:29:08.236643 main.go:346: 칸첸 (파티) 모드 선택됨
2025/05/16 23:29:09.573744 main.go:346: 1시간 실행 설정됨
2025/05/16 23:29:10.240920 main.go:346: 칸첸 (파티) 모드로 작업을 시작합니다...
2025/05/16 23:43:56.921931 main.go:346: 작업이 일시 중지되었습니다.
2025/05/16 23:44:53.106376 main.go:90: 도우미 애플리케이션 시작
2025/05/16 23:44:53.117821 main.go:195: 웹 서버를 포트 8080에서 시작합니다...
2025/05/16 23:44:53.117821 main.go:110: 애플리케이션 초기화 시작
2025/05/16 23:44:53.119074 main.go:201: 서버 시작 오류: listen tcp :8080: bind: Only one usage of each socket address (protocol/network address/port) is normally permitted.
2025/05/16 23:46:29.528373 main.go:90: 도우미 애플리케이션 시작
2025/05/16 23:46:29.541128 main.go:195: 웹 서버를 포트 8080에서 시작합니다...
2025/05/16 23:46:29.541128 main.go:110: 애플리케이션 초기화 시작
2025/05/16 23:46:29.542512 main.go:201: 서버 시작 오류: listen tcp :8080: bind: Only one usage of each socket address (protocol/network address/port) is normally permitted.
2025/05/16 23:46:33.251454 main.go:137: 애플리케이션 종료
2025/05/16 23:46:34.633074 main.go:90: 도우미 애플리케이션 시작
2025/05/16 23:46:34.647600 main.go:195: 웹 서버를 포트 8080에서 시작합니다...
2025/05/16 23:46:34.647600 main.go:110: 애플리케이션 초기화 시작
2025/05/16 23:46:35.522368 main.go:131: 애플리케이션 초기화 완료
2025/05/16 23:46:35.522368 main.go:132: 애플리케이션 실행 시작
2025/05/16 23:46:36.588272 main.go:346: 프로그램이 시작되었습니다.
2025/05/16 23:46:42.523339 main.go:346: 프로그램이 시작되었습니다.
2025/05/16 23:46:50.515110 main.go:346: 프로그램이 시작되었습니다.
2025/05/16 23:48:02.791835 main.go:90: 도우미 애플리케이션 시작
2025/05/16 23:48:02.801985 main.go:195: 웹 서버를 포트 8080에서 시작합니다...
2025/05/16 23:48:02.801985 main.go:110: 애플리케이션 초기화 시작
2025/05/16 23:48:03.397591 main.go:131: 애플리케이션 초기화 완료
2025/05/16 23:48:03.397591 main.go:132: 애플리케이션 실행 시작
2025/05/16 23:48:04.429026 main.go:346: 프로그램이 시작되었습니다.
2025/05/16 23:48:08.714551 main.go:346: 할 일 상태 변경: "식료품 구매하기" - 완료됨
2025/05/16 23:48:10.210322 main.go:346: 할 일이 삭제되었습니다: 식료품 구매하기
2025/05/16 23:48:10.707108 main.go:346: 할 일이 삭제되었습니다: 매크로 스크립트 업데이트
2025/05/16 23:48:11.050131 main.go:346: 할 일이 삭제되었습니다: 방 청소하기
2025/05/16 23:48:11.908142 main.go:346: 할 일이 삭제되었습니다: 매크로 자동화 기능 개선하기
2025/05/16 23:48:12.486359 main.go:346: 할 일이 삭제되었습니다: 아이템 수집 루트 최적화
2025/05/16 23:48:17.009497 main.go:346: 새 할 일이 추가되었습니다: reg
2025/05/16 23:48:19.326988 main.go:346: 새 할 일이 추가되었습니다: erherh
2025/05/16 23:48:20.495594 main.go:346: 새 할 일이 추가되었습니다: erh
2025/05/16 23:48:21.282009 main.go:346: 새 할 일이 추가되었습니다: erh
2025/05/16 23:48:21.934451 main.go:346: 새 할 일이 추가되었습니다: erh
2025/05/16 23:48:22.530009 main.go:346: 새 할 일이 추가되었습니다: erh
2025/05/16 23:48:31.880315 main.go:137: 애플리케이션 종료
2025/05/16 23:51:23.847350 main.go:90: 도우미 애플리케이션 시작
2025/05/16 23:51:23.857998 main.go:195: 웹 서버를 포트 8080에서 시작합니다...
2025/05/16 23:51:23.857998 main.go:110: 애플리케이션 초기화 시작
2025/05/16 23:51:24.557210 main.go:131: 애플리케이션 초기화 완료
2025/05/16 23:51:24.558226 main.go:132: 애플리케이션 실행 시작
2025/05/16 23:51:25.575537 main.go:346: 프로그램이 시작되었습니다.
2025/05/16 23:51:30.776895 main.go:346: 프로그램이 시작되었습니다.
2025/05/16 23:51:33.747589 main.go:346: 할 일이 삭제되었습니다: erh
2025/05/16 23:51:33.919663 main.go:346: 할 일이 삭제되었습니다: erh
2025/05/16 23:51:34.070731 main.go:346: 할 일이 삭제되었습니다: erh
2025/05/16 23:51:34.215953 main.go:346: 할 일이 삭제되었습니다: erh
2025/05/16 23:51:34.327837 main.go:346: 할 일이 삭제되었습니다: erherh
2025/05/16 23:51:34.457403 main.go:346: 할 일이 삭제되었습니다: reg
2025/05/16 23:51:38.160526 main.go:346: 새 할 일이 추가되었습니다: weg
2025/05/16 23:51:39.935242 main.go:346: 새 할 일이 추가되었습니다: weg
2025/05/16 23:51:41.041495 main.go:346: 새 할 일이 추가되었습니다: weg
2025/05/16 23:51:43.400919 main.go:346: 새 할 일이 추가되었습니다: weg
2025/05/16 23:56:25.723718 main.go:90: 도우미 애플리케이션 시작
2025/05/16 23:56:25.733782 main.go:195: 웹 서버를 포트 8080에서 시작합니다...
2025/05/16 23:56:25.733782 main.go:110: 애플리케이션 초기화 시작
2025/05/16 23:56:26.440282 main.go:131: 애플리케이션 초기화 완료
2025/05/16 23:56:26.440282 main.go:132: 애플리케이션 실행 시작
2025/05/16 23:56:39.134018 main.go:137: 애플리케이션 종료
2025/05/16 23:56:44.434238 main.go:90: 도우미 애플리케이션 시작
2025/05/16 23:56:44.447260 main.go:195: 웹 서버를 포트 8080에서 시작합니다...
2025/05/16 23:56:44.447260 main.go:110: 애플리케이션 초기화 시작
2025/05/16 23:56:45.227245 main.go:131: 애플리케이션 초기화 완료
2025/05/16 23:56:45.227245 main.go:132: 애플리케이션 실행 시작
2025/05/16 23:56:46.234616 main.go:346: 프로그램이 시작되었습니다.
2025/05/16 23:56:50.032701 main.go:346: 할 일이 삭제되었습니다: weg
2025/05/16 23:56:50.230395 main.go:346: 할 일이 삭제되었습니다: weg
2025/05/16 23:56:50.362054 main.go:346: 할 일이 삭제되었습니다: weg
2025/05/16 23:56:50.486673 main.go:346: 할 일이 삭제되었습니다: weg
2025/05/16 23:57:29.630841 main.go:90: 도우미 애플리케이션 시작
2025/05/16 23:57:29.644657 main.go:195: 웹 서버를 포트 8080에서 시작합니다...
2025/05/16 23:57:29.644657 main.go:110: 애플리케이션 초기화 시작
2025/05/16 23:57:30.312521 main.go:131: 애플리케이션 초기화 완료
2025/05/16 23:57:30.312521 main.go:132: 애플리케이션 실행 시작
2025/05/16 23:57:31.322607 main.go:346: 프로그램이 시작되었습니다.
2025/05/18 11:24:40.737798 main.go:90: 도우미 애플리케이션 시작
2025/05/18 11:24:40.757840 main.go:195: 웹 서버를 포트 8080에서 시작합니다...
2025/05/18 11:24:40.757840 main.go:110: 애플리케이션 초기화 시작
2025/05/18 11:24:41.920716 main.go:131: 애플리케이션 초기화 완료
2025/05/18 11:24:41.920716 main.go:132: 애플리케이션 실행 시작
2025/05/18 11:24:42.994103 main.go:346: 프로그램이 시작되었습니다.
2025/05/18 11:24:59.710909 main.go:346: 새 할 일이 추가되었습니다: qwr
2025/05/18 11:25:00.942094 main.go:346: 새 할 일이 추가되었습니다: qwr
2025/05/18 11:25:01.777432 main.go:346: 새 할 일이 추가되었습니다: qwr
2025/05/18 11:25:25.167718 main.go:90: 도우미 애플리케이션 시작
2025/05/18 11:25:25.182812 main.go:195: 웹 서버를 포트 8080에서 시작합니다...
2025/05/18 11:25:25.182812 main.go:110: 애플리케이션 초기화 시작
2025/05/18 11:25:26.096857 main.go:131: 애플리케이션 초기화 완료
2025/05/18 11:25:26.096857 main.go:132: 애플리케이션 실행 시작
2025/05/18 11:25:27.215793 main.go:346: 프로그램이 시작되었습니다.
2025/05/18 11:25:40.878840 main.go:90: 도우미 애플리케이션 시작
2025/05/18 11:25:40.891078 main.go:195: 웹 서버를 포트 8080에서 시작합니다...
2025/05/18 11:25:40.891078 main.go:110: 애플리케이션 초기화 시작
2025/05/18 11:25:41.533081 main.go:131: 애플리케이션 초기화 완료
2025/05/18 11:25:41.533081 main.go:132: 애플리케이션 실행 시작
2025/05/18 11:25:42.229987 main.go:346: 프로그램이 시작되었습니다.
2025/05/18 11:34:48.582928 main.go:90: 도우미 애플리케이션 시작
2025/05/18 11:34:48.606519 main.go:195: 웹 서버를 포트 8080에서 시작합니다...
2025/05/18 11:34:48.606519 main.go:110: 애플리케이션 초기화 시작
2025/05/18 11:34:49.369756 main.go:131: 애플리케이션 초기화 완료
2025/05/18 11:34:49.369756 main.go:132: 애플리케이션 실행 시작
2025/05/18 11:34:50.353650 main.go:346: 프로그램이 시작되었습니다.
2025/05/18 11:35:16.709345 main.go:346: 프로그램을 종료합니다...
2025/05/18 11:35:20.211092 main.go:90: 도우미 애플리케이션 시작
2025/05/18 11:35:20.226160 main.go:195: 웹 서버를 포트 8080에서 시작합니다...
2025/05/18 11:35:20.227518 main.go:110: 애플리케이션 초기화 시작
2025/05/18 11:35:20.983269 main.go:131: 애플리케이션 초기화 완료
2025/05/18 11:35:20.983269 main.go:132: 애플리케이션 실행 시작
2025/05/18 11:35:22.116834 main.go:346: 프로그램이 시작되었습니다.
2025/05/18 11:35:25.438908 main.go:346: 프로그램이 시작되었습니다.
2025/05/18 11:35:28.445276 main.go:346: 할 일이 삭제되었습니다: qwr
2025/05/18 11:35:28.571329 main.go:346: 할 일이 삭제되었습니다: qwr
2025/05/18 11:35:28.711257 main.go:346: 할 일이 삭제되었습니다: qwr
2025/05/18 11:35:30.249506 main.go:346: 새 할 일이 추가되었습니다: weg
2025/05/18 11:35:35.494567 main.go:346: 새 할 일이 추가되었습니다: weg
2025/05/18 11:35:37.142115 main.go:346: 새 할 일이 추가되었습니다: weg
2025/05/18 11:35:38.145879 main.go:346: 새 할 일이 추가되었습니다: weg
2025/05/18 11:35:38.854127 main.go:346: 새 할 일이 추가되었습니다: weg
2025/05/18 11:35:40.117676 main.go:346: 새 할 일이 추가되었습니다: weg
2025/05/18 11:35:43.019846 main.go:346: 새 할 일이 추가되었습니다: qwe
2025/05/18 11:35:48.828516 main.go:137: 애플리케이션 종료
2025/05/18 11:36:02.625299 main.go:90: 도우미 애플리케이션 시작
2025/05/18 11:36:02.640182 main.go:195: 웹 서버를 포트 8080에서 시작합니다...
2025/05/18 11:36:02.640182 main.go:110: 애플리케이션 초기화 시작
2025/05/18 11:36:03.169668 main.go:131: 애플리케이션 초기화 완료
2025/05/18 11:36:03.169668 main.go:132: 애플리케이션 실행 시작
2025/05/18 11:36:04.238999 main.go:346: 프로그램이 시작되었습니다.
2025/05/18 11:36:14.060481 main.go:137: 애플리케이션 종료
2025/05/18 11:36:45.538908 main.go:90: 도우미 애플리케이션 시작
2025/05/18 11:36:45.552750 main.go:195: 웹 서버를 포트 8080에서 시작합니다...
2025/05/18 11:36:45.552750 main.go:110: 애플리케이션 초기화 시작
2025/05/18 11:36:46.106948 main.go:131: 애플리케이션 초기화 완료
2025/05/18 11:36:46.106948 main.go:132: 애플리케이션 실행 시작
2025/05/18 11:36:47.081312 main.go:346: 프로그램이 시작되었습니다.
2025/05/18 11:37:35.670671 main.go:137: 애플리케이션 종료
2025/05/18 11:39:21.887371 main.go:90: 도우미 애플리케이션 시작
2025/05/18 11:39:21.897845 main.go:195: 웹 서버를 포트 8080에서 시작합니다...
2025/05/18 11:39:21.897845 main.go:110: 애플리케이션 초기화 시작
2025/05/18 11:39:22.518915 main.go:131: 애플리케이션 초기화 완료
2025/05/18 11:39:22.518915 main.go:132: 애플리케이션 실행 시작
2025/05/18 11:39:23.543720 main.go:346: 프로그램이 시작되었습니다.
2025/05/18 11:39:36.162940 main.go:137: 애플리케이션 종료
2025/05/18 11:40:27.263594 main.go:90: 도우미 애플리케이션 시작
2025/05/18 11:40:27.274740 main.go:195: 웹 서버를 포트 8080에서 시작합니다...
2025/05/18 11:40:27.274740 main.go:110: 애플리케이션 초기화 시작
2025/05/18 11:40:27.974776 main.go:131: 애플리케이션 초기화 완료
2025/05/18 11:40:27.974776 main.go:132: 애플리케이션 실행 시작
2025/05/18 11:40:28.471060 main.go:346: 프로그램이 시작되었습니다.
2025/05/18 11:40:43.355368 main.go:90: 도우미 애플리케이션 시작
2025/05/18 11:40:43.367146 main.go:195: 웹 서버를 포트 8080에서 시작합니다...
2025/05/18 11:40:43.367714 main.go:110: 애플리케이션 초기화 시작
2025/05/18 11:40:44.043885 main.go:131: 애플리케이션 초기화 완료
2025/05/18 11:40:44.043885 main.go:132: 애플리케이션 실행 시작
2025/05/18 11:40:45.048973 main.go:346: 프로그램이 시작되었습니다.
2025/05/18 11:43:05.657218 main.go:90: 도우미 애플리케이션 시작
2025/05/18 11:43:05.669161 main.go:195: 웹 서버를 포트 8080에서 시작합니다...
2025/05/18 11:43:05.669161 main.go:110: 애플리케이션 초기화 시작
2025/05/18 11:43:06.373905 main.go:131: 애플리케이션 초기화 완료
2025/05/18 11:43:06.373905 main.go:132: 애플리케이션 실행 시작
2025/05/18 11:43:07.397343 main.go:346: 프로그램이 시작되었습니다.
2025/05/18 11:43:57.901959 main.go:90: 도우미 애플리케이션 시작
2025/05/18 11:43:57.912790 main.go:195: 웹 서버를 포트 8080에서 시작합니다...
2025/05/18 11:43:57.912790 main.go:110: 애플리케이션 초기화 시작
2025/05/18 11:43:58.556483 main.go:131: 애플리케이션 초기화 완료
2025/05/18 11:43:58.556990 main.go:132: 애플리케이션 실행 시작
2025/05/18 11:44:05.333946 main.go:137: 애플리케이션 종료
2025/05/18 11:44:34.233775 main.go:90: 도우미 애플리케이션 시작
2025/05/18 11:44:34.250011 main.go:195: 웹 서버를 포트 8080에서 시작합니다...
2025/05/18 11:44:34.250011 main.go:110: 애플리케이션 초기화 시작
2025/05/18 11:44:34.853464 main.go:131: 애플리케이션 초기화 완료
2025/05/18 11:44:34.854544 main.go:132: 애플리케이션 실행 시작
2025/05/18 11:44:35.872317 main.go:346: 프로그램이 시작되었습니다.
2025/05/18 11:44:40.410392 main.go:346: 칸첸 (파티) 모드 선택됨
2025/05/18 11:44:40.868793 main.go:346: 대야 (파티) 모드 선택됨
2025/05/18 11:44:41.414626 main.go:346: 칸첸 (입장) 모드 선택됨
2025/05/18 11:45:15.336358 main.go:137: 애플리케이션 종료
2025/05/18 11:47:40.948379 main.go:90: 도우미 애플리케이션 시작
2025/05/18 11:47:40.959180 main.go:195: 웹 서버를 포트 8080에서 시작합니다...
2025/05/18 11:47:40.959180 main.go:110: 애플리케이션 초기화 시작
2025/05/18 11:47:41.516687 main.go:131: 애플리케이션 초기화 완료
2025/05/18 11:47:41.516687 main.go:132: 애플리케이션 실행 시작
2025/05/18 11:47:42.537127 main.go:346: 프로그램이 시작되었습니다.
2025/05/18 11:47:44.869124 main.go:346: 프로그램이 시작되었습니다.
2025/05/18 11:47:47.241181 main.go:346: 프로그램이 시작되었습니다.
2025/05/18 11:47:52.951874 main.go:346: 프로그램이 시작되었습니다.
2025/05/18 11:47:54.697987 main.go:137: 애플리케이션 종료
2025/05/18 11:48:06.424661 main.go:90: 도우미 애플리케이션 시작
2025/05/18 11:48:06.449945 main.go:195: 웹 서버를 포트 8080에서 시작합니다...
2025/05/18 11:48:06.449945 main.go:110: 애플리케이션 초기화 시작
2025/05/18 11:48:07.012920 main.go:131: 애플리케이션 초기화 완료
2025/05/18 11:48:07.012920 main.go:132: 애플리케이션 실행 시작
2025/05/18 11:48:08.044564 main.go:346: 프로그램이 시작되었습니다.
2025/05/18 11:48:10.044470 main.go:137: 애플리케이션 종료
2025/05/18 11:48:43.379142 main.go:90: 도우미 애플리케이션 시작
2025/05/18 11:48:43.394140 main.go:195: 웹 서버를 포트 8080에서 시작합니다...
2025/05/18 11:48:43.394140 main.go:110: 애플리케이션 초기화 시작
2025/05/18 11:48:43.985736 main.go:131: 애플리케이션 초기화 완료
2025/05/18 11:48:43.985736 main.go:132: 애플리케이션 실행 시작
2025/05/18 11:48:45.022285 main.go:346: 프로그램이 시작되었습니다.
2025/05/18 11:48:59.241952 main.go:346: 대야 (파티) 모드 선택됨
2025/05/18 11:48:59.594685 main.go:346: 칸첸 (파티) 모드 선택됨
2025/05/18 11:48:59.884474 main.go:346: 칸첸 (입장) 모드 선택됨
2025/05/18 11:49:01.092432 main.go:137: 애플리케이션 종료
2025/05/18 11:52:57.757645 main.go:90: 도우미 애플리케이션 시작
2025/05/18 11:52:57.770004 main.go:195: 웹 서버를 포트 8080에서 시작합니다...
2025/05/18 11:52:57.770335 main.go:110: 애플리케이션 초기화 시작
2025/05/18 11:52:58.333117 main.go:131: 애플리케이션 초기화 완료
2025/05/18 11:52:58.333117 main.go:132: 애플리케이션 실행 시작
2025/05/18 11:52:59.320298 main.go:346: 프로그램이 시작되었습니다.
2025/05/18 11:53:02.079165 main.go:346: 할 일이 삭제되었습니다: qwe
2025/05/18 11:53:02.220745 main.go:346: 할 일이 삭제되었습니다: weg
2025/05/18 11:53:02.353272 main.go:346: 할 일이 삭제되었습니다: weg
2025/05/18 11:53:02.477694 main.go:346: 할 일이 삭제되었습니다: weg
2025/05/18 11:53:02.607607 main.go:346: 할 일이 삭제되었습니다: weg
2025/05/18 11:53:02.742050 main.go:346: 할 일이 삭제되었습니다: weg
2025/05/18 11:53:02.873365 main.go:346: 할 일이 삭제되었습니다: weg
2025/05/18 11:53:27.832218 main.go:137: 애플리케이션 종료
2025/05/18 12:00:42.591116 main.go:90: 도우미 애플리케이션 시작
2025/05/18 12:00:42.617669 main.go:195: 웹 서버를 포트 8080에서 시작합니다...
2025/05/18 12:00:42.617669 main.go:110: 애플리케이션 초기화 시작
2025/05/18 12:00:43.198520 main.go:131: 애플리케이션 초기화 완료
2025/05/18 12:00:43.198520 main.go:132: 애플리케이션 실행 시작
2025/05/18 12:00:44.252064 main.go:346: 프로그램이 시작되었습니다.
2025/05/18 12:00:45.293642 main.go:137: 애플리케이션 종료
